<?xml version="1.0" encoding="UTF-8"?>
<testng-results ignored="0" total="3" passed="3" failed="0" skipped="0">
  <reporter-output>
  </reporter-output>
  <suite started-at="2022-05-19T11:59:10 IST" name="Suite" finished-at="2022-05-19T11:59:35 IST" duration-ms="25447">
    <groups>
    </groups>
    <test started-at="2022-05-19T11:59:10 IST" name="Test" finished-at="2022-05-19T11:59:35 IST" duration-ms="25447">
      <class name="com.qa.TestLayer.TestCase">
        <test-method is-config="true" signature="setUp()[pri:0, instance:com.qa.TestLayer.TestCase@402bba4f]" started-at="2022-05-19T11:59:10 IST" name="setUp" finished-at="2022-05-19T11:59:17 IST" duration-ms="7524" status="PASS">
          <reporter-output>
          </reporter-output>
        </test-method> <!-- setUp -->
        <test-method signature="verifyBuyingOfNexus6()[pri:0, instance:com.qa.TestLayer.TestCase@402bba4f]" started-at="2022-05-19T11:59:17 IST" name="verifyBuyingOfNexus6" finished-at="2022-05-19T11:59:19 IST" duration-ms="1807" status="PASS">
          <reporter-output>
          </reporter-output>
        </test-method> <!-- verifyBuyingOfNexus6 -->
        <test-method is-config="true" signature="tearDown()[pri:0, instance:com.qa.TestLayer.TestCase@402bba4f]" started-at="2022-05-19T11:59:19 IST" name="tearDown" finished-at="2022-05-19T11:59:19 IST" duration-ms="437" status="PASS">
          <reporter-output>
          </reporter-output>
        </test-method> <!-- tearDown -->
        <test-method is-config="true" signature="setUp()[pri:0, instance:com.qa.TestLayer.TestCase@402bba4f]" started-at="2022-05-19T11:59:19 IST" name="setUp" finished-at="2022-05-19T11:59:25 IST" duration-ms="5586" status="PASS">
          <reporter-output>
          </reporter-output>
        </test-method> <!-- setUp -->
        <test-method signature="verifyBuyingOfNokiaLumia1520()[pri:0, instance:com.qa.TestLayer.TestCase@402bba4f]" started-at="2022-05-19T11:59:25 IST" name="verifyBuyingOfNokiaLumia1520" finished-at="2022-05-19T11:59:26 IST" duration-ms="1494" status="PASS">
          <reporter-output>
          </reporter-output>
        </test-method> <!-- verifyBuyingOfNokiaLumia1520 -->
        <test-method is-config="true" signature="tearDown()[pri:0, instance:com.qa.TestLayer.TestCase@402bba4f]" started-at="2022-05-19T11:59:26 IST" name="tearDown" finished-at="2022-05-19T11:59:27 IST" duration-ms="382" status="PASS">
          <reporter-output>
          </reporter-output>
        </test-method> <!-- tearDown -->
        <test-method is-config="true" signature="setUp()[pri:0, instance:com.qa.TestLayer.TestCase@402bba4f]" started-at="2022-05-19T11:59:27 IST" name="setUp" finished-at="2022-05-19T11:59:33 IST" duration-ms="6061" status="PASS">
          <reporter-output>
          </reporter-output>
        </test-method> <!-- setUp -->
        <test-method signature="verifyBuyingOfSamsungGalaxyS6()[pri:0, instance:com.qa.TestLayer.TestCase@402bba4f]" started-at="2022-05-19T11:59:33 IST" name="verifyBuyingOfSamsungGalaxyS6" finished-at="2022-05-19T11:59:35 IST" duration-ms="1663" status="PASS">
          <reporter-output>
          </reporter-output>
        </test-method> <!-- verifyBuyingOfSamsungGalaxyS6 -->
        <test-method is-config="true" signature="tearDown()[pri:0, instance:com.qa.TestLayer.TestCase@402bba4f]" started-at="2022-05-19T11:59:35 IST" name="tearDown" finished-at="2022-05-19T11:59:35 IST" duration-ms="404" status="PASS">
          <reporter-output>
          </reporter-output>
        </test-method> <!-- tearDown -->
      </class> <!-- com.qa.TestLayer.TestCase -->
    </test> <!-- Test -->
  </suite> <!-- Suite -->
</testng-results>
